==00:00:00:00.000 23256== Memcheck, a memory error detector
==00:00:00:00.000 23256== Copyright (C) 2002-2017, and GNU GPL'd, by Julian Seward et al.
==00:00:00:00.000 23256== Using Valgrind-3.13.0 and LibVEX; rerun with -h for copyright info
==00:00:00:00.000 23256== Command: ./client 127.0.0.1 8080 request-firefox.txt
==00:00:00:00.000 23256== Parent PID: 23248
==00:00:00:00.000 23256== 
==00:00:00:00.670 23256== 
==00:00:00:00.670 23256== FILE DESCRIPTORS: 5 open at exit.
==00:00:00:00.670 23256== Open AF_INET socket 4: 127.0.0.1:52108 <-> unbound
==00:00:00:00.670 23256==    at 0x517DEC7: socket (syscall-template.S:78)
==00:00:00:00.670 23256==    by 0x108FB5: connect_socket (common_TDA_socket_connect.c:80)
==00:00:00:00.670 23256==    by 0x108C43: main (client.c:41)
==00:00:00:00.670 23256== 
==00:00:00:00.670 23256== Open file descriptor 3: /home/jowi/Desktop/tp/pruebas/prueba_multiple/valgrind_client1.out
==00:00:00:00.670 23256==    <inherited from parent>
==00:00:00:00.670 23256== 
==00:00:00:00.670 23256== Open file descriptor 2: /dev/pts/1
==00:00:00:00.670 23256==    <inherited from parent>
==00:00:00:00.670 23256== 
==00:00:00:00.670 23256== Open file descriptor 1: /home/jowi/Desktop/tp/pruebas/prueba_multiple/client1.out
==00:00:00:00.670 23256==    <inherited from parent>
==00:00:00:00.670 23256== 
==00:00:00:00.670 23256== Open file descriptor 0: /home/jowi/Desktop/tp/pruebas/prueba_multiple/client1.in
==00:00:00:00.670 23256==    <inherited from parent>
==00:00:00:00.670 23256== 
==00:00:00:00.670 23256== 
==00:00:00:00.670 23256== HEAP SUMMARY:
==00:00:00:00.670 23256==     in use at exit: 0 bytes in 0 blocks
==00:00:00:00.670 23256==   total heap usage: 6 allocs, 6 frees, 9,832 bytes allocated
==00:00:00:00.670 23256== 
==00:00:00:00.670 23256== All heap blocks were freed -- no leaks are possible
==00:00:00:00.670 23256== 
==00:00:00:00.670 23256== For counts of detected and suppressed errors, rerun with: -v
==00:00:00:00.670 23256== ERROR SUMMARY: 0 errors from 0 contexts (suppressed: 0 from 0)
