==00:00:00:00.000 9013== Memcheck, a memory error detector
==00:00:00:00.000 9013== Copyright (C) 2002-2017, and GNU GPL'd, by Julian Seward et al.
==00:00:00:00.000 9013== Using Valgrind-3.13.0 and LibVEX; rerun with -h for copyright info
==00:00:00:00.000 9013== Command: ./client 127.0.0.1 8080 request-wget.txt
==00:00:00:00.000 9013== Parent PID: 9003
==00:00:00:00.000 9013== 
==00:00:00:00.658 9013== 
==00:00:00:00.658 9013== FILE DESCRIPTORS: 5 open at exit.
==00:00:00:00.658 9013== Open AF_INET socket 4: 127.0.0.1:55888 <-> unbound
==00:00:00:00.658 9013==    at 0x517DEC7: socket (syscall-template.S:78)
==00:00:00:00.658 9013==    by 0x1090F5: connect_socket (common_TDA_socket_connect.c:79)
==00:00:00:00.658 9013==    by 0x108D5B: main (client.c:41)
==00:00:00:00.658 9013== 
==00:00:00:00.658 9013== Open file descriptor 3: /home/jowi/Desktop/correcciones/pruebas/prueba_multiple/valgrind_client2.out
==00:00:00:00.658 9013==    <inherited from parent>
==00:00:00:00.658 9013== 
==00:00:00:00.658 9013== Open file descriptor 2: /dev/pts/2
==00:00:00:00.658 9013==    <inherited from parent>
==00:00:00:00.658 9013== 
==00:00:00:00.658 9013== Open file descriptor 1: /home/jowi/Desktop/correcciones/pruebas/prueba_multiple/client2.out
==00:00:00:00.658 9013==    <inherited from parent>
==00:00:00:00.658 9013== 
==00:00:00:00.658 9013== Open file descriptor 0: /home/jowi/Desktop/correcciones/pruebas/prueba_multiple/client2.in
==00:00:00:00.658 9013==    <inherited from parent>
==00:00:00:00.658 9013== 
==00:00:00:00.658 9013== 
==00:00:00:00.658 9013== HEAP SUMMARY:
==00:00:00:00.658 9013==     in use at exit: 0 bytes in 0 blocks
==00:00:00:00.658 9013==   total heap usage: 8 allocs, 8 frees, 10,997 bytes allocated
==00:00:00:00.658 9013== 
==00:00:00:00.658 9013== All heap blocks were freed -- no leaks are possible
==00:00:00:00.658 9013== 
==00:00:00:00.658 9013== For counts of detected and suppressed errors, rerun with: -v
==00:00:00:00.658 9013== ERROR SUMMARY: 0 errors from 0 contexts (suppressed: 0 from 0)
