==00:00:00:00.000 8536== Memcheck, a memory error detector
==00:00:00:00.000 8536== Copyright (C) 2002-2017, and GNU GPL'd, by Julian Seward et al.
==00:00:00:00.000 8536== Using Valgrind-3.13.0 and LibVEX; rerun with -h for copyright info
==00:00:00:00.000 8536== Command: ./client 127.0.0.1 8080 request-wget.txt
==00:00:00:00.000 8536== Parent PID: 8530
==00:00:00:00.000 8536== 
==00:00:00:00.715 8536== 
==00:00:00:00.715 8536== FILE DESCRIPTORS: 5 open at exit.
==00:00:00:00.715 8536== Open AF_INET socket 4: 127.0.0.1:55808 <-> unbound
==00:00:00:00.715 8536==    at 0x517DEC7: socket (syscall-template.S:78)
==00:00:00:00.715 8536==    by 0x1090F5: connect_socket (common_TDA_socket_connect.c:79)
==00:00:00:00.715 8536==    by 0x108D5B: main (client.c:41)
==00:00:00:00.715 8536== 
==00:00:00:00.715 8536== Open file descriptor 3: /home/jowi/Desktop/correcciones/pruebas/prueba_multiple/valgrind_client0.out
==00:00:00:00.715 8536==    <inherited from parent>
==00:00:00:00.715 8536== 
==00:00:00:00.715 8536== Open file descriptor 2: /dev/pts/2
==00:00:00:00.715 8536==    <inherited from parent>
==00:00:00:00.715 8536== 
==00:00:00:00.715 8536== Open file descriptor 1: /home/jowi/Desktop/correcciones/pruebas/prueba_multiple/client0.out
==00:00:00:00.715 8536==    <inherited from parent>
==00:00:00:00.715 8536== 
==00:00:00:00.715 8536== Open file descriptor 0: /home/jowi/Desktop/correcciones/pruebas/prueba_multiple/client0.in
==00:00:00:00.715 8536==    <inherited from parent>
==00:00:00:00.715 8536== 
==00:00:00:00.715 8536== 
==00:00:00:00.715 8536== HEAP SUMMARY:
==00:00:00:00.715 8536==     in use at exit: 0 bytes in 0 blocks
==00:00:00:00.715 8536==   total heap usage: 8 allocs, 8 frees, 10,997 bytes allocated
==00:00:00:00.715 8536== 
==00:00:00:00.715 8536== All heap blocks were freed -- no leaks are possible
==00:00:00:00.715 8536== 
==00:00:00:00.715 8536== For counts of detected and suppressed errors, rerun with: -v
==00:00:00:00.715 8536== ERROR SUMMARY: 0 errors from 0 contexts (suppressed: 0 from 0)
