==00:00:00:00.000 9005== Memcheck, a memory error detector
==00:00:00:00.000 9005== Copyright (C) 2002-2017, and GNU GPL'd, by Julian Seward et al.
==00:00:00:00.000 9005== Using Valgrind-3.13.0 and LibVEX; rerun with -h for copyright info
==00:00:00:00.000 9005== Command: ./server 8080 sensor-multi.bin template.html
==00:00:00:00.000 9005== Parent PID: 9003
==00:00:00:00.000 9005== 
==00:00:00:03.787 9005== 
==00:00:00:03.787 9005== FILE DESCRIPTORS: 8 open at exit.
==00:00:00:03.787 9005== Open AF_INET socket 8: 127.0.0.1:8080 <-> unbound
==00:00:00:03.787 9005==    at 0x4E4D6A1: accept (accept.c:26)
==00:00:00:03.787 9005==    by 0x10A99F: accept_socket (server_TDA_socket_accept.c:76)
==00:00:00:03.787 9005==    by 0x109031: main (server.c:69)
==00:00:00:03.787 9005== 
==00:00:00:03.787 9005== Open AF_INET socket 7: 127.0.0.1:8080 <-> unbound
==00:00:00:03.787 9005==    at 0x4E4D6A1: accept (accept.c:26)
==00:00:00:03.787 9005==    by 0x10A99F: accept_socket (server_TDA_socket_accept.c:76)
==00:00:00:03.787 9005==    by 0x109031: main (server.c:69)
==00:00:00:03.787 9005== 
==00:00:00:03.787 9005== Open AF_INET socket 6: 127.0.0.1:8080 <-> unbound
==00:00:00:03.787 9005==    at 0x4E4D6A1: accept (accept.c:26)
==00:00:00:03.787 9005==    by 0x10A99F: accept_socket (server_TDA_socket_accept.c:76)
==00:00:00:03.787 9005==    by 0x109031: main (server.c:69)
==00:00:00:03.787 9005== 
==00:00:00:03.787 9005== Open AF_INET socket 5: 127.0.0.1:8080 <-> unbound
==00:00:00:03.787 9005==    at 0x4E4D6A1: accept (accept.c:26)
==00:00:00:03.787 9005==    by 0x10A99F: accept_socket (server_TDA_socket_accept.c:76)
==00:00:00:03.787 9005==    by 0x109031: main (server.c:69)
==00:00:00:03.787 9005== 
==00:00:00:03.787 9005== Open file descriptor 3: /home/jowi/Desktop/correcciones/pruebas/prueba_multiple/valgrind_server.out
==00:00:00:03.787 9005==    <inherited from parent>
==00:00:00:03.787 9005== 
==00:00:00:03.787 9005== Open file descriptor 2: /home/jowi/Desktop/correcciones/pruebas/prueba_multiple/__server_stderr__
==00:00:00:03.787 9005==    <inherited from parent>
==00:00:00:03.787 9005== 
==00:00:00:03.787 9005== Open file descriptor 1: /home/jowi/Desktop/correcciones/pruebas/prueba_multiple/__server_stdout__
==00:00:00:03.787 9005==    <inherited from parent>
==00:00:00:03.787 9005== 
==00:00:00:03.787 9005== Open file descriptor 0: /dev/null
==00:00:00:03.787 9005==    <inherited from parent>
==00:00:00:03.787 9005== 
==00:00:00:03.787 9005== 
==00:00:00:03.787 9005== HEAP SUMMARY:
==00:00:00:03.787 9005==     in use at exit: 0 bytes in 0 blocks
==00:00:00:03.787 9005==   total heap usage: 62 allocs, 62 frees, 52,932 bytes allocated
==00:00:00:03.787 9005== 
==00:00:00:03.787 9005== All heap blocks were freed -- no leaks are possible
==00:00:00:03.787 9005== 
==00:00:00:03.787 9005== For counts of detected and suppressed errors, rerun with: -v
==00:00:00:03.787 9005== ERROR SUMMARY: 0 errors from 0 contexts (suppressed: 0 from 0)
