==00:00:00:00.000 6631== Memcheck, a memory error detector
==00:00:00:00.000 6631== Copyright (C) 2002-2017, and GNU GPL'd, by Julian Seward et al.
==00:00:00:00.000 6631== Using Valgrind-3.13.0 and LibVEX; rerun with -h for copyright info
==00:00:00:00.000 6631== Command: ./client 127.0.0.1 8080 long-request.txt
==00:00:00:00.000 6631== Parent PID: 6625
==00:00:00:00.000 6631== 
==00:00:00:00.632 6631== Conditional jump or move depends on uninitialised value(s)
==00:00:00:00.632 6631==    at 0x4C32D48: __strlen_sse2 (in /usr/lib/valgrind/vgpreload_memcheck-amd64-linux.so)
==00:00:00:00.632 6631==    by 0x10922E: enviar_mensaje_socket (common_TDA_socket_connect.c:101)
==00:00:00:00.632 6631==    by 0x108D6E: main (client.c:48)
==00:00:00:00.632 6631== 
==00:00:00:00.732 6631== 
==00:00:00:00.732 6631== FILE DESCRIPTORS: 5 open at exit.
==00:00:00:00.732 6631== Open AF_INET socket 4: 127.0.0.1:55264 <-> unbound
==00:00:00:00.732 6631==    at 0x517DEC7: socket (syscall-template.S:78)
==00:00:00:00.732 6631==    by 0x1090E5: connect_socket (common_TDA_socket_connect.c:79)
==00:00:00:00.732 6631==    by 0x108D57: main (client.c:41)
==00:00:00:00.732 6631== 
==00:00:00:00.732 6631== Open file descriptor 3: /home/jowi/Desktop/correcciones/pruebas/casoPruebaPrivado/requestLargo/entrada/valgrind_client0.out
==00:00:00:00.732 6631==    <inherited from parent>
==00:00:00:00.732 6631== 
==00:00:00:00.732 6631== Open file descriptor 2: /dev/pts/3
==00:00:00:00.732 6631==    <inherited from parent>
==00:00:00:00.732 6631== 
==00:00:00:00.732 6631== Open file descriptor 1: /home/jowi/Desktop/correcciones/pruebas/casoPruebaPrivado/requestLargo/entrada/client0.out
==00:00:00:00.732 6631==    <inherited from parent>
==00:00:00:00.732 6631== 
==00:00:00:00.732 6631== Open file descriptor 0: /home/jowi/Desktop/correcciones/pruebas/casoPruebaPrivado/requestLargo/entrada/client0.in
==00:00:00:00.732 6631==    <inherited from parent>
==00:00:00:00.732 6631== 
==00:00:00:00.732 6631== 
==00:00:00:00.732 6631== HEAP SUMMARY:
==00:00:00:00.732 6631==     in use at exit: 0 bytes in 0 blocks
==00:00:00:00.732 6631==   total heap usage: 9 allocs, 9 frees, 12,670 bytes allocated
==00:00:00:00.732 6631== 
==00:00:00:00.732 6631== All heap blocks were freed -- no leaks are possible
==00:00:00:00.732 6631== 
==00:00:00:00.732 6631== For counts of detected and suppressed errors, rerun with: -v
==00:00:00:00.732 6631== Use --track-origins=yes to see where uninitialised values come from
==00:00:00:00.732 6631== ERROR SUMMARY: 1 errors from 1 contexts (suppressed: 0 from 0)
