==00:00:00:00.000 22479== Memcheck, a memory error detector
==00:00:00:00.000 22479== Copyright (C) 2002-2017, and GNU GPL'd, by Julian Seward et al.
==00:00:00:00.000 22479== Using Valgrind-3.13.0 and LibVEX; rerun with -h for copyright info
==00:00:00:00.000 22479== Command: ./client 127.0.0.1 8080 request-client.txt
==00:00:00:00.000 22479== Parent PID: 22473
==00:00:00:00.000 22479== 
==00:00:00:00.616 22479== Conditional jump or move depends on uninitialised value(s)
==00:00:00:00.616 22479==    at 0x4C32D48: __strlen_sse2 (in /usr/lib/valgrind/vgpreload_memcheck-amd64-linux.so)
==00:00:00:00.616 22479==    by 0x50B84D2: vfprintf (vfprintf.c:1643)
==00:00:00:00.616 22479==    by 0x518D168: __vsnprintf_chk (vsnprintf_chk.c:63)
==00:00:00:00.616 22479==    by 0x518D094: __snprintf_chk (snprintf_chk.c:34)
==00:00:00:00.616 22479==    by 0x109425: snprintf (stdio2.h:64)
==00:00:00:00.616 22479==    by 0x109425: leer_archivo (client_TDA_request_file.c:64)
==00:00:00:00.616 22479==    by 0x108CA0: main (client.c:24)
==00:00:00:00.616 22479== 
==00:00:00:00.618 22479== Conditional jump or move depends on uninitialised value(s)
==00:00:00:00.618 22479==    at 0x10943E: leer_archivo (client_TDA_request_file.c:65)
==00:00:00:00.618 22479==    by 0x108CA0: main (client.c:24)
==00:00:00:00.618 22479== 
==00:00:00:00.631 22479== Conditional jump or move depends on uninitialised value(s)
==00:00:00:00.632 22479==    at 0x4C32D48: __strlen_sse2 (in /usr/lib/valgrind/vgpreload_memcheck-amd64-linux.so)
==00:00:00:00.632 22479==    by 0x108F37: send_message (common_TDA_socket_connect.c:37)
==00:00:00:00.632 22479==    by 0x10916D: enviar_mensaje_socket (common_TDA_socket_connect.c:102)
==00:00:00:00.632 22479==    by 0x108CEA: main (client.c:59)
==00:00:00:00.632 22479== 
==00:00:00:00.632 22479== Syscall param socketcall.sendto(msg) points to uninitialised byte(s)
==00:00:00:00.632 22479==    at 0x4E4D96A: send (send.c:28)
==00:00:00:00.632 22479==    by 0x108F67: send_message (common_TDA_socket_connect.c:40)
==00:00:00:00.632 22479==    by 0x10916D: enviar_mensaje_socket (common_TDA_socket_connect.c:102)
==00:00:00:00.632 22479==    by 0x108CEA: main (client.c:59)
==00:00:00:00.632 22479==  Address 0x544c06f is 47 bytes inside a block of size 512 alloc'd
==00:00:00:00.632 22479==    at 0x4C31B25: calloc (in /usr/lib/valgrind/vgpreload_memcheck-amd64-linux.so)
==00:00:00:00.632 22479==    by 0x1091F2: crear_request (client_TDA_request_file.c:10)
==00:00:00:00.632 22479==    by 0x108C80: main (client.c:16)
==00:00:00:00.632 22479== 
==00:00:00:00.723 22479== 
==00:00:00:00.723 22479== FILE DESCRIPTORS: 5 open at exit.
==00:00:00:00.723 22479== Open AF_INET socket 4: 127.0.0.1:51854 <-> unbound
==00:00:00:00.723 22479==    at 0x517DEC7: socket (syscall-template.S:78)
==00:00:00:00.723 22479==    by 0x109045: connect_socket (common_TDA_socket_connect.c:80)
==00:00:00:00.723 22479==    by 0x108CD3: main (client.c:52)
==00:00:00:00.723 22479== 
==00:00:00:00.723 22479== Open file descriptor 3: /home/jowi/Desktop/tp/pruebas/prueba_simple/valgrind_client0.out
==00:00:00:00.723 22479==    <inherited from parent>
==00:00:00:00.723 22479== 
==00:00:00:00.723 22479== Open file descriptor 2: /dev/pts/2
==00:00:00:00.723 22479==    <inherited from parent>
==00:00:00:00.723 22479== 
==00:00:00:00.723 22479== Open file descriptor 1: /home/jowi/Desktop/tp/pruebas/prueba_simple/client0.out
==00:00:00:00.723 22479==    <inherited from parent>
==00:00:00:00.723 22479== 
==00:00:00:00.723 22479== Open file descriptor 0: /home/jowi/Desktop/tp/pruebas/prueba_simple/client0.in
==00:00:00:00.723 22479==    <inherited from parent>
==00:00:00:00.723 22479== 
==00:00:00:00.723 22479== 
==00:00:00:00.723 22479== HEAP SUMMARY:
==00:00:00:00.723 22479==     in use at exit: 0 bytes in 0 blocks
==00:00:00:00.723 22479==   total heap usage: 6 allocs, 6 frees, 9,832 bytes allocated
==00:00:00:00.723 22479== 
==00:00:00:00.723 22479== All heap blocks were freed -- no leaks are possible
==00:00:00:00.723 22479== 
==00:00:00:00.723 22479== For counts of detected and suppressed errors, rerun with: -v
==00:00:00:00.723 22479== Use --track-origins=yes to see where uninitialised values come from
==00:00:00:00.723 22479== ERROR SUMMARY: 5 errors from 4 contexts (suppressed: 0 from 0)
