==00:00:00:00.000 2768== Memcheck, a memory error detector
==00:00:00:00.000 2768== Copyright (C) 2002-2017, and GNU GPL'd, by Julian Seward et al.
==00:00:00:00.000 2768== Using Valgrind-3.13.0 and LibVEX; rerun with -h for copyright info
==00:00:00:00.000 2768== Command: ./client 127.0.0.1 8080 request-wget.txt
==00:00:00:00.000 2768== Parent PID: 2752
==00:00:00:00.000 2768== 
==00:00:00:00.652 2768== 
==00:00:00:00.652 2768== FILE DESCRIPTORS: 5 open at exit.
==00:00:00:00.652 2768== Open AF_INET socket 4: 127.0.0.1:54206 <-> unbound
==00:00:00:00.652 2768==    at 0x517DEC7: socket (syscall-template.S:78)
==00:00:00:00.652 2768==    by 0x1090C5: connect_socket (common_TDA_socket_connect.c:79)
==00:00:00:00.652 2768==    by 0x108D63: main (client.c:41)
==00:00:00:00.652 2768== 
==00:00:00:00.652 2768== Open file descriptor 3: /home/jowi/Desktop/tp1_taller/correcciones/pruebas/prueba_multiple/valgrind_client3.out
==00:00:00:00.652 2768==    <inherited from parent>
==00:00:00:00.652 2768== 
==00:00:00:00.652 2768== Open file descriptor 2: /dev/pts/4
==00:00:00:00.652 2768==    <inherited from parent>
==00:00:00:00.652 2768== 
==00:00:00:00.652 2768== Open file descriptor 1: /home/jowi/Desktop/tp1_taller/correcciones/pruebas/prueba_multiple/client3.out
==00:00:00:00.652 2768==    <inherited from parent>
==00:00:00:00.652 2768== 
==00:00:00:00.652 2768== Open file descriptor 0: /home/jowi/Desktop/tp1_taller/correcciones/pruebas/prueba_multiple/client3.in
==00:00:00:00.652 2768==    <inherited from parent>
==00:00:00:00.652 2768== 
==00:00:00:00.652 2768== 
==00:00:00:00.652 2768== HEAP SUMMARY:
==00:00:00:00.652 2768==     in use at exit: 0 bytes in 0 blocks
==00:00:00:00.652 2768==   total heap usage: 7 allocs, 7 frees, 9,973 bytes allocated
==00:00:00:00.652 2768== 
==00:00:00:00.652 2768== All heap blocks were freed -- no leaks are possible
==00:00:00:00.652 2768== 
==00:00:00:00.652 2768== For counts of detected and suppressed errors, rerun with: -v
==00:00:00:00.652 2768== ERROR SUMMARY: 0 errors from 0 contexts (suppressed: 0 from 0)
