==00:00:00:00.000 2764== Memcheck, a memory error detector
==00:00:00:00.000 2764== Copyright (C) 2002-2017, and GNU GPL'd, by Julian Seward et al.
==00:00:00:00.000 2764== Using Valgrind-3.13.0 and LibVEX; rerun with -h for copyright info
==00:00:00:00.000 2764== Command: ./client 127.0.0.1 8080 request-firefox.txt
==00:00:00:00.000 2764== Parent PID: 2752
==00:00:00:00.000 2764== 
==00:00:00:00.659 2764== 
==00:00:00:00.659 2764== FILE DESCRIPTORS: 5 open at exit.
==00:00:00:00.659 2764== Open AF_INET socket 4: 127.0.0.1:54202 <-> unbound
==00:00:00:00.659 2764==    at 0x517DEC7: socket (syscall-template.S:78)
==00:00:00:00.659 2764==    by 0x1090C5: connect_socket (common_TDA_socket_connect.c:79)
==00:00:00:00.659 2764==    by 0x108D63: main (client.c:41)
==00:00:00:00.659 2764== 
==00:00:00:00.659 2764== Open file descriptor 3: /home/jowi/Desktop/tp1_taller/correcciones/pruebas/prueba_multiple/valgrind_client1.out
==00:00:00:00.659 2764==    <inherited from parent>
==00:00:00:00.659 2764== 
==00:00:00:00.659 2764== Open file descriptor 2: /dev/pts/4
==00:00:00:00.659 2764==    <inherited from parent>
==00:00:00:00.659 2764== 
==00:00:00:00.659 2764== Open file descriptor 1: /home/jowi/Desktop/tp1_taller/correcciones/pruebas/prueba_multiple/client1.out
==00:00:00:00.659 2764==    <inherited from parent>
==00:00:00:00.659 2764== 
==00:00:00:00.659 2764== Open file descriptor 0: /home/jowi/Desktop/tp1_taller/correcciones/pruebas/prueba_multiple/client1.in
==00:00:00:00.659 2764==    <inherited from parent>
==00:00:00:00.659 2764== 
==00:00:00:00.659 2764== 
==00:00:00:00.659 2764== HEAP SUMMARY:
==00:00:00:00.659 2764==     in use at exit: 0 bytes in 0 blocks
==00:00:00:00.659 2764==   total heap usage: 7 allocs, 7 frees, 10,108 bytes allocated
==00:00:00:00.659 2764== 
==00:00:00:00.659 2764== All heap blocks were freed -- no leaks are possible
==00:00:00:00.659 2764== 
==00:00:00:00.659 2764== For counts of detected and suppressed errors, rerun with: -v
==00:00:00:00.659 2764== ERROR SUMMARY: 0 errors from 0 contexts (suppressed: 0 from 0)
