==00:00:00:00.000 24716== Memcheck, a memory error detector
==00:00:00:00.000 24716== Copyright (C) 2002-2017, and GNU GPL'd, by Julian Seward et al.
==00:00:00:00.000 24716== Using Valgrind-3.13.0 and LibVEX; rerun with -h for copyright info
==00:00:00:00.000 24716== Command: ./server 8080 sensor-simple.bin template.html
==00:00:00:00.000 24716== Parent PID: 24714
==00:00:00:00.000 24716== 
==00:00:00:01.727 24716== 
==00:00:00:01.727 24716== FILE DESCRIPTORS: 5 open at exit.
==00:00:00:01.727 24716== Open AF_INET socket 5: 127.0.0.1:8080 <-> unbound
==00:00:00:01.727 24716==    at 0x4E4D6A1: accept (accept.c:26)
==00:00:00:01.727 24716==    by 0x10A7BF: accept_socket (server_TDA_socket_accept.c:76)
==00:00:00:01.727 24716==    by 0x108F8B: main (string_fortified.h:71)
==00:00:00:01.727 24716== 
==00:00:00:01.727 24716== Open file descriptor 3: /home/jowi/Desktop/tp/pruebas/casoPruebaPrivado/requestLargo/entrada/valgrind_server.out
==00:00:00:01.727 24716==    <inherited from parent>
==00:00:00:01.727 24716== 
==00:00:00:01.727 24716== Open file descriptor 2: /home/jowi/Desktop/tp/pruebas/casoPruebaPrivado/requestLargo/entrada/__server_stderr__
==00:00:00:01.727 24716==    <inherited from parent>
==00:00:00:01.727 24716== 
==00:00:00:01.727 24716== Open file descriptor 1: /home/jowi/Desktop/tp/pruebas/casoPruebaPrivado/requestLargo/entrada/__server_stdout__
==00:00:00:01.727 24716==    <inherited from parent>
==00:00:00:01.727 24716== 
==00:00:00:01.727 24716== Open file descriptor 0: /dev/null
==00:00:00:01.727 24716==    <inherited from parent>
==00:00:00:01.727 24716== 
==00:00:00:01.727 24716== 
==00:00:00:01.727 24716== HEAP SUMMARY:
==00:00:00:01.727 24716==     in use at exit: 0 bytes in 0 blocks
==00:00:00:01.727 24716==   total heap usage: 17 allocs, 17 frees, 15,433 bytes allocated
==00:00:00:01.727 24716== 
==00:00:00:01.727 24716== All heap blocks were freed -- no leaks are possible
==00:00:00:01.727 24716== 
==00:00:00:01.727 24716== For counts of detected and suppressed errors, rerun with: -v
==00:00:00:01.727 24716== ERROR SUMMARY: 0 errors from 0 contexts (suppressed: 0 from 0)
